Build started 9/18/2020 2:17:09 AM.
     1>Project "C:\Users\USER\Documents\Visual Studio 2010\Projects\modifiedRECEIPT\modifiedRECEIPT\modifiedRECEIPT.vcxproj" on node 2 (build target(s)).
     1>InitializeBuildStatus:
         Touching "Debug\modifiedRECEIPT.unsuccessfulbuild".
       ClCompile:
         c:\Program Files (x86)\Microsoft Visual Studio 10.0\VC\bin\CL.exe /c /ZI /nologo /W3 /WX- /Od /Oy- /D WIN32 /D _DEBUG /D _CONSOLE /D _UNICODE /D UNICODE /Gm /EHsc /RTC1 /MDd /GS /fp:precise /Zc:wchar_t /Zc:forScope /Fo"Debug\\" /Fd"Debug\vc100.pdb" /Gd /TP /analyze- /errorReport:prompt MODIFIED.cpp
         MODIFIED.cpp
       ManifestResourceCompile:
         All outputs are up-to-date.
       Link:
         c:\Program Files (x86)\Microsoft Visual Studio 10.0\VC\bin\link.exe /ERRORREPORT:PROMPT /OUT:"C:\Users\USER\Documents\Visual Studio 2010\Projects\modifiedRECEIPT\Debug\modifiedRECEIPT.exe" /INCREMENTAL /NOLOGO kernel32.lib user32.lib gdi32.lib winspool.lib comdlg32.lib advapi32.lib shell32.lib ole32.lib oleaut32.lib uuid.lib odbc32.lib odbccp32.lib /MANIFEST /ManifestFile:"Debug\modifiedRECEIPT.exe.intermediate.manifest" /MANIFESTUAC:"level='asInvoker' uiAccess='false'" /DEBUG /PDB:"C:\Users\USER\Documents\Visual Studio 2010\Projects\modifiedRECEIPT\Debug\modifiedRECEIPT.pdb" /SUBSYSTEM:CONSOLE /TLBID:1 /DYNAMICBASE /NXCOMPAT /IMPLIB:"C:\Users\USER\Documents\Visual Studio 2010\Projects\modifiedRECEIPT\Debug\modifiedRECEIPT.lib" /MACHINE:X86 Debug\modifiedRECEIPT.exe.embed.manifest.res
         Debug\MODIFIED.obj
       Manifest:
         C:\Program Files (x86)\Microsoft SDKs\Windows\v7.0A\bin\mt.exe /nologo /verbose /out:"Debug\modifiedRECEIPT.exe.embed.manifest" /manifest Debug\modifiedRECEIPT.exe.intermediate.manifest
         All outputs are up-to-date.
       LinkEmbedManifest:
         All outputs are up-to-date.
         modifiedRECEIPT.vcxproj -> C:\Users\USER\Documents\Visual Studio 2010\Projects\modifiedRECEIPT\Debug\modifiedRECEIPT.exe
       FinalizeBuildStatus:
         Deleting file "Debug\modifiedRECEIPT.unsuccessfulbuild".
         Touching "Debug\modifiedRECEIPT.lastbuildstate".
     1>Done Building Project "C:\Users\USER\Documents\Visual Studio 2010\Projects\modifiedRECEIPT\modifiedRECEIPT\modifiedRECEIPT.vcxproj" (build target(s)).

Build succeeded.

Time Elapsed 00:01:08.35
